The system is: Windows - 10.0.22621 - AMD64
Compiling the C compiler identification source file "CMakeCCompilerId.c" succeeded.
Compiler: C:/Program Files/Microsoft Visual Studio/2022/Community/VC/Tools/MSVC/14.34.31933/bin/Hostx86/x64/cl.exe 
Build flags: 
Id flags:  

The output was:
0
Microsoft (R) C/C++ Optimizing Compiler Version 19.34.31937 for x64
Copyright (C) Microsoft Corporation.  All rights reserved.

CMakeCCompilerId.c
Microsoft (R) Incremental Linker Version 14.34.31937.0
Copyright (C) Microsoft Corporation.  All rights reserved.

/out:CMakeCCompilerId.exe 
CMakeCCompilerId.obj 


Compilation of the C compiler identification source "CMakeCCompilerId.c" produced "CMakeCCompilerId.exe"

Compilation of the C compiler identification source "CMakeCCompilerId.c" produced "CMakeCCompilerId.obj"

The C compiler identification is MSVC, found in "C:/Users/mikef/OneDrive/Documents/GitHub/Learning-OpenCV/build/CMakeFiles/3.25.1/CompilerIdC/CMakeCCompilerId.exe"

Compiling the CXX compiler identification source file "CMakeCXXCompilerId.cpp" succeeded.
Compiler: C:/Program Files/Microsoft Visual Studio/2022/Community/VC/Tools/MSVC/14.34.31933/bin/Hostx86/x64/cl.exe 
Build flags: 
Id flags:  

The output was:
0
Microsoft (R) C/C++ Optimizing Compiler Version 19.34.31937 for x64
Copyright (C) Microsoft Corporation.  All rights reserved.

CMakeCXXCompilerId.cpp
Microsoft (R) Incremental Linker Version 14.34.31937.0
Copyright (C) Microsoft Corporation.  All rights reserved.

/out:CMakeCXXCompilerId.exe 
CMakeCXXCompilerId.obj 


Compilation of the CXX compiler identification source "CMakeCXXCompilerId.cpp" produced "CMakeCXXCompilerId.exe"

Compilation of the CXX compiler identification source "CMakeCXXCompilerId.cpp" produced "CMakeCXXCompilerId.obj"

The CXX compiler identification is MSVC, found in "C:/Users/mikef/OneDrive/Documents/GitHub/Learning-OpenCV/build/CMakeFiles/3.25.1/CompilerIdCXX/CMakeCXXCompilerId.exe"

Detecting C compiler ABI info compiled with the following output:
Change Dir: C:/Users/mikef/OneDrive/Documents/GitHub/Learning-OpenCV/build/CMakeFiles/CMakeScratch/TryCompile-z8g95b

Run Build Command(s):C:/msys64/mingw64/bin/mingw32-make.exe -f Makefile cmTC_02f39/fast && C:/msys64/mingw64/bin/mingw32-make.exe  -f CMakeFiles\cmTC_02f39.dir\build.make CMakeFiles/cmTC_02f39.dir/build
mingw32-make[1]: Entering directory 'C:/Users/mikef/OneDrive/Documents/GitHub/Learning-OpenCV/build/CMakeFiles/CMakeScratch/TryCompile-z8g95b'
Building C object CMakeFiles/cmTC_02f39.dir/CMakeCCompilerABI.c.obj
"C:\Program Files\CMake\bin\cmake.exe" -E cmake_cl_compile_depends --dep-file=CMakeFiles\cmTC_02f39.dir\CMakeCCompilerABI.c.obj.d --working-dir=C:\Users\mikef\OneDrive\Documents\GitHub\Learning-OpenCV\build\CMakeFiles\CMakeScratch\TryCompile-z8g95b --filter-prefix="Note: including file: " -- C:\PROGRA~1\MICROS~3\2022\COMMUN~1\VC\Tools\MSVC\1434~1.319\bin\Hostx86\x64\cl.exe  /nologo   /DWIN32 /D_WINDOWS /W3  /MDd /Zi /Ob0 /Od /RTC1 /showIncludes /FoCMakeFiles\cmTC_02f39.dir\CMakeCCompilerABI.c.obj /FdCMakeFiles\cmTC_02f39.dir/ /FS -c "C:\Program Files\CMake\share\cmake-3.25\Modules\CMakeCCompilerABI.c"
CMakeCCompilerABI.c
Linking C executable cmTC_02f39.exe
"C:\Program Files\CMake\bin\cmake.exe" -E cmake_link_script CMakeFiles\cmTC_02f39.dir\link.txt --verbose=1
"C:\Program Files\CMake\bin\cmake.exe" -E vs_link_exe --intdir=CMakeFiles\cmTC_02f39.dir --rc=C:\PROGRA~2\WI3CF2~1\10\bin\100220~1.0\x86\rc.exe --mt=C:\PROGRA~2\WI3CF2~1\10\bin\100220~1.0\x86\mt.exe --manifests -- C:\PROGRA~1\MICROS~3\2022\COMMUN~1\VC\Tools\MSVC\1434~1.319\bin\Hostx86\x64\link.exe /nologo @CMakeFiles\cmTC_02f39.dir\objects1  /out:cmTC_02f39.exe /implib:cmTC_02f39.lib /pdb:C:\Users\mikef\OneDrive\Documents\GitHub\Learning-OpenCV\build\CMakeFiles\CMakeScratch\TryCompile-z8g95b\cmTC_02f39.pdb /version:0.0 /machine:x64  /debug /INCREMENTAL /subsystem:console  kernel32.lib user32.lib gdi32.lib winspool.lib shell32.lib ole32.lib oleaut32.lib uuid.lib comdlg32.lib advapi32.lib 
mingw32-make[1]: Leaving directory 'C:/Users/mikef/OneDrive/Documents/GitHub/Learning-OpenCV/build/CMakeFiles/CMakeScratch/TryCompile-z8g95b'



Detecting CXX compiler ABI info compiled with the following output:
Change Dir: C:/Users/mikef/OneDrive/Documents/GitHub/Learning-OpenCV/build/CMakeFiles/CMakeScratch/TryCompile-s0kobn

Run Build Command(s):C:/msys64/mingw64/bin/mingw32-make.exe -f Makefile cmTC_39e25/fast && C:/msys64/mingw64/bin/mingw32-make.exe  -f CMakeFiles\cmTC_39e25.dir\build.make CMakeFiles/cmTC_39e25.dir/build
mingw32-make[1]: Entering directory 'C:/Users/mikef/OneDrive/Documents/GitHub/Learning-OpenCV/build/CMakeFiles/CMakeScratch/TryCompile-s0kobn'
Building CXX object CMakeFiles/cmTC_39e25.dir/CMakeCXXCompilerABI.cpp.obj
"C:\Program Files\CMake\bin\cmake.exe" -E cmake_cl_compile_depends --dep-file=CMakeFiles\cmTC_39e25.dir\CMakeCXXCompilerABI.cpp.obj.d --working-dir=C:\Users\mikef\OneDrive\Documents\GitHub\Learning-OpenCV\build\CMakeFiles\CMakeScratch\TryCompile-s0kobn --filter-prefix="Note: including file: " -- C:\PROGRA~1\MICROS~3\2022\COMMUN~1\VC\Tools\MSVC\1434~1.319\bin\Hostx86\x64\cl.exe  /nologo /TP   /DWIN32 /D_WINDOWS /W3 /GR /EHsc  /MDd /Zi /Ob0 /Od /RTC1 /showIncludes /FoCMakeFiles\cmTC_39e25.dir\CMakeCXXCompilerABI.cpp.obj /FdCMakeFiles\cmTC_39e25.dir/ /FS -c "C:\Program Files\CMake\share\cmake-3.25\Modules\CMakeCXXCompilerABI.cpp"
CMakeCXXCompilerABI.cpp
Linking CXX executable cmTC_39e25.exe
"C:\Program Files\CMake\bin\cmake.exe" -E cmake_link_script CMakeFiles\cmTC_39e25.dir\link.txt --verbose=1
"C:\Program Files\CMake\bin\cmake.exe" -E vs_link_exe --intdir=CMakeFiles\cmTC_39e25.dir --rc=C:\PROGRA~2\WI3CF2~1\10\bin\100220~1.0\x86\rc.exe --mt=C:\PROGRA~2\WI3CF2~1\10\bin\100220~1.0\x86\mt.exe --manifests -- C:\PROGRA~1\MICROS~3\2022\COMMUN~1\VC\Tools\MSVC\1434~1.319\bin\Hostx86\x64\link.exe /nologo @CMakeFiles\cmTC_39e25.dir\objects1  /out:cmTC_39e25.exe /implib:cmTC_39e25.lib /pdb:C:\Users\mikef\OneDrive\Documents\GitHub\Learning-OpenCV\build\CMakeFiles\CMakeScratch\TryCompile-s0kobn\cmTC_39e25.pdb /version:0.0 /machine:x64  /debug /INCREMENTAL /subsystem:console  kernel32.lib user32.lib gdi32.lib winspool.lib shell32.lib ole32.lib oleaut32.lib uuid.lib comdlg32.lib advapi32.lib 
mingw32-make[1]: Leaving directory 'C:/Users/mikef/OneDrive/Documents/GitHub/Learning-OpenCV/build/CMakeFiles/CMakeScratch/TryCompile-s0kobn'



